<?xml version="1.0" encoding="UTF-8"?>
<testng-results ignored="0" total="1" passed="1" failed="0" skipped="0">
  <reporter-output>
  </reporter-output>
  <suite started-at="2024-04-19T20:28:31 CEST" name="Smoky" finished-at="2024-04-19T20:28:40 CEST" duration-ms="8402">
    <groups>
    </groups>
    <test started-at="2024-04-19T20:28:31 CEST" name="Smoky" finished-at="2024-04-19T20:28:40 CEST" duration-ms="8402">
      <class name="com.demoqa.tests.PracticeFormTest">
        <test-method is-config="true" signature="init()[pri:0, instance:com.demoqa.tests.PracticeFormTest@2e55dd0c]" started-at="2024-04-19T20:28:31 CEST" name="init" finished-at="2024-04-19T20:28:37 CEST" duration-ms="5521" status="PASS">
          <reporter-output>
          </reporter-output>
        </test-method> <!-- init -->
        <test-method is-config="true" signature="precondition()[pri:0, instance:com.demoqa.tests.PracticeFormTest@2e55dd0c]" started-at="2024-04-19T20:28:37 CEST" name="precondition" finished-at="2024-04-19T20:28:37 CEST" duration-ms="329" status="PASS">
          <reporter-output>
          </reporter-output>
        </test-method> <!-- precondition -->
        <test-method signature="createStudentAccountTest()[pri:0, instance:com.demoqa.tests.PracticeFormTest@2e55dd0c]" started-at="2024-04-19T20:28:37 CEST" name="createStudentAccountTest" finished-at="2024-04-19T20:28:39 CEST" duration-ms="2229" status="PASS">
          <reporter-output>
          </reporter-output>
        </test-method> <!-- createStudentAccountTest -->
        <test-method is-config="true" signature="tearDown()[pri:0, instance:com.demoqa.tests.PracticeFormTest@2e55dd0c]" started-at="2024-04-19T20:28:39 CEST" name="tearDown" finished-at="2024-04-19T20:28:40 CEST" duration-ms="261" status="PASS">
          <reporter-output>
          </reporter-output>
        </test-method> <!-- tearDown -->
      </class> <!-- com.demoqa.tests.PracticeFormTest -->
    </test> <!-- Smoky -->
  </suite> <!-- Smoky -->
</testng-results>
